C51 COMPILER V9.59.0.0   DS1302                                                            05/15/2024 16:51:10 PAGE 1   


C51 COMPILER V9.59.0.0, COMPILATION OF MODULE DS1302
OBJECT MODULE PLACED IN .\Objects\ds1302.obj
COMPILER INVOKED BY: D:\Keil_v5\C51\BIN\C51.EXE ..\Driver\ds1302.c OPTIMIZE(8,SPEED) BROWSE INCDIR(..\Driver) DEBUG OBJE
                    -CTEXTEND PRINT(.\Listings\ds1302.lst) TABS(2) OBJECT(.\Objects\ds1302.obj)

line level    source

   1          /*  #   DS1302ä»£ç ç‰‡æ®µè¯´æ˜
   2                  1.  æœ¬æ–‡ä»¶å¤¹ä¸­æä¾›çš„é©±åŠ¨ä»£ç ä¾›å‚èµ›é€‰æ‰‹å®Œæˆç¨‹åºè®¾è®¡å‚è€ƒã€‚
   3                  2.
   4             å‚èµ›é€‰æ‰‹å¯ä»¥è‡ªè¡Œç¼–å†™ç›¸å…³ä»£ç æˆ–ä»¥è¯¥ä»£ç ä¸ºåŸºç¡€ï¼Œæ ¹æ®æ‰€é€‰å•ç‰‡æœºç±»å‹ã€è¿è
             -¡Œé€Ÿåº¦å’Œè¯•é¢˜
   5                          ä¸­å¯¹å•ç‰‡æœºæ—¶é’Ÿé¢‘ç‡çš„è¦æ±‚ï¼Œè¿›è¡Œä»£ç è°ƒè¯•å’Œä¿®æ”¹ã€‚
   6          */
   7          #include "ds1302.h"
   8          
   9          #include "REG52.H"
  10          #include "intrins.h"
  11          sbit SCK = P1 ^ 7;
  12          sbit SDA = P2 ^ 3;
  13          sbit RST = P1 ^ 3;
  14          //
  15          void Write_Ds1302(unsigned char temp) {
  16   1        unsigned char i;
  17   1        for (i = 0; i < 8; i++) {
  18   2          SCK = 0;
  19   2          SDA = temp & 0x01;
  20   2          temp >>= 1;
  21   2          SCK = 1;
  22   2        }
  23   1      }
  24          
  25          //
  26          void Write_Ds1302_Byte(unsigned char address, unsigned char dat) {
  27   1        RST = 0;
  28   1        _nop_();
  29   1        SCK = 0;
  30   1        _nop_();
  31   1        RST = 1;
  32   1        _nop_();
  33   1        Write_Ds1302(address);
  34   1        Write_Ds1302(dat);
  35   1        RST = 0;
  36   1      }
  37          
  38          //
  39          unsigned char Read_Ds1302_Byte(unsigned char address) {
  40   1        unsigned char i, temp = 0x00;
  41   1        RST = 0;
  42   1        _nop_();
  43   1        SCK = 0;
  44   1        _nop_();
  45   1        RST = 1;
  46   1        _nop_();
  47   1        Write_Ds1302(address);
  48   1        for (i = 0; i < 8; i++) {
  49   2          SCK = 0;
  50   2          temp >>= 1;
  51   2          if (SDA) temp |= 0x80;
  52   2          SCK = 1;
  53   2        }
C51 COMPILER V9.59.0.0   DS1302                                                            05/15/2024 16:51:10 PAGE 2   

  54   1        RST = 0;
  55   1        _nop_();
  56   1        SCK = 0;
  57   1        _nop_();
  58   1        SCK = 1;
  59   1        _nop_();
  60   1        SDA = 0;
  61   1        _nop_();
  62   1        SDA = 1;
  63   1        _nop_();
  64   1        return (temp);
  65   1      }
  66          
  67          void Set_Rtc(unsigned char *ucRtc) {
  68   1        unsigned char i;
  69   1        unsigned char temp1;
  70   1        Write_Ds1302_Byte(0x8e, 0x00);  // å…³é—­å†™ä¿æŠ¤
  71   1        for (i = 0; i < 3; i++) {
  72   2          temp1 = (ucRtc[i] / 10 << 4) | (ucRtc[i] % 10);
  73   2          Write_Ds1302_Byte(0x84 - 2 * i, temp1);
  74   2        }
  75   1        Write_Ds1302_Byte(0x8e, 0x80);  // æ‰“å¼€å†™ä¿æŠ¤
  76   1      }
  77          
  78          void Read_Rtc(unsigned char *ucRtc) {
  79   1        unsigned char i;
  80   1        unsigned char temp2;
  81   1        for (i = 0; i < 3; i++) {
  82   2          temp2 = Read_Ds1302_Byte(0x85 - 2 * i);
  83   2          ucRtc[i] = temp2 / 16 * 10 + temp2 % 16;
  84   2        }
  85   1      }


MODULE INFORMATION:   STATIC OVERLAYABLE
   CODE SIZE        =    251    ----
   CONSTANT SIZE    =   ----    ----
   XDATA SIZE       =   ----    ----
   PDATA SIZE       =   ----    ----
   DATA SIZE        =   ----       6
   IDATA SIZE       =   ----    ----
   BIT SIZE         =   ----    ----
END OF MODULE INFORMATION.


C51 COMPILATION COMPLETE.  0 WARNING(S),  0 ERROR(S)
