C51 COMPILER V9.59.0.0   KEY                                                               02/09/2024 17:28:04 PAGE 1   


C51 COMPILER V9.59.0.0, COMPILATION OF MODULE KEY
OBJECT MODULE PLACED IN .\Objects\Key.obj
COMPILER INVOKED BY: D:\Keil_v5\C51\BIN\C51.EXE ..\Driver\Key.c OPTIMIZE(8,SPEED) BROWSE INCDIR(..\Driver) DEBUG OBJECTE
                    -XTEND PRINT(.\Listings\Key.lst) TABS(2) OBJECT(.\Objects\Key.obj)

line level    source

   1          #include <Key.h>
   2          
   3          unsigned char Key_Read()
   4          {
   5   1          unsigned char temp = 0;
   6   1          ET0 = 0;
   7   1          // 第1列
   8   1          P44 = 0;
   9   1          P42 = 1;
  10   1          P35 = 1;
  11   1          P34 = 1;
  12   1          if (P33 == 0)
  13   1              temp = 4;
  14   1          if (P32 == 0)
  15   1              temp = 5;
  16   1          if (P31 == 0)
  17   1              temp = 6;
  18   1          if (P30 == 0)
  19   1              temp = 7;
  20   1          // 第2列
  21   1          P44 = 1;
  22   1          P42 = 0;
  23   1          P35 = 1;
  24   1          P34 = 1;
  25   1          if (P33 == 0)
  26   1              temp = 8;
  27   1          if (P32 == 0)
  28   1              temp = 9;
  29   1          if (P31 == 0)
  30   1              temp = 10;
  31   1          if (P30 == 0)
  32   1              temp = 11;
  33   1          // 第3列
  34   1          P44 = 1;
  35   1          P42 = 1;
  36   1          P35 = 0;
  37   1          P34 = 1;
  38   1          if (P33 == 0)
  39   1              temp = 12;
  40   1          if (P32 == 0)
  41   1              temp = 13;
  42   1          if (P31 == 0)
  43   1              temp = 14;
  44   1          if (P30 == 0)
  45   1              temp = 15;
  46   1          // 第4列
  47   1          P44 = 1;
  48   1          P42 = 1;
  49   1          P35 = 1;
  50   1          P34 = 0;
  51   1          if (P33 == 0)
  52   1              temp = 16;
  53   1          if (P32 == 0)
  54   1              temp = 17;
C51 COMPILER V9.59.0.0   KEY                                                               02/09/2024 17:28:04 PAGE 2   

  55   1          if (P31 == 0)
  56   1              temp = 18;
  57   1          if (P30 == 0)
  58   1              temp = 19;
  59   1          P3 = 0xff;
  60   1          ET0 = 1;
  61   1          return temp;
  62   1      }


MODULE INFORMATION:   STATIC OVERLAYABLE
   CODE SIZE        =    122    ----
   CONSTANT SIZE    =   ----    ----
   XDATA SIZE       =   ----    ----
   PDATA SIZE       =   ----    ----
   DATA SIZE        =   ----    ----
   IDATA SIZE       =   ----    ----
   BIT SIZE         =   ----    ----
END OF MODULE INFORMATION.


C51 COMPILATION COMPLETE.  0 WARNING(S),  0 ERROR(S)
