C51 COMPILER V9.59.0.0   MAIN                                                              05/31/2024 15:31:15 PAGE 1   


C51 COMPILER V9.59.0.0, COMPILATION OF MODULE MAIN
OBJECT MODULE PLACED IN .\Objects\main.obj
COMPILER INVOKED BY: D:\Keil_v5\C51\BIN\C51.EXE user\main.c OPTIMIZE(8,SPEED) BROWSE INCDIR(.\driver;.\user) DEBUG OBJEC
                    -TEXTEND PRINT(.\Listings\main.lst) TABS(2) OBJECT(.\Objects\main.obj)

line level    source

   1          #include "main.h"
   2          /* LED与数码管 */
   3          unsigned char ucLed[8] = {0,0,0,0,0,0,0,0};
   4          unsigned char Seg_Pos;
   5          unsigned char Seg_Buf[8] = {10,10,10,10,10,10,10,10};
   6          unsigned char Seg_Point[8] = {0,0,0,0,0,0,0,0};
   7          
   8          /* 串口数据*/
   9          unsigned char Uart_Buf[10];
  10          unsigned char Uart_Rx_Index;
  11          bit Uart_flag;
  12          unsigned char Sys_Tick;
  13          /* 时间*/
  14          unsigned char ucRtc[3] = {11,11,11};
  15          unsigned int time_all_1s;
  16          
  17          /* 数据 */
  18          unsigned int Freq;
  19          
  20          void Data_Proc()
  21          {
  22   1        if(time_all_1s % 50 == 0)
  23   1        {
  24   2          //时间读取
  25   2        }
  26   1        if(time_all_1s % 100 == 0)
  27   1        {
  28   2          //AD读取
  29   2        }
  30   1        if(time_all_1s % 500 == 0)
  31   1        {
  32   2          //温度读取
  33   2        }
  34   1      }
  35          /* 键盘处理*/
  36          void Key_Proc()
  37          {
  38   1        static unsigned char Key_Val,Key_Down,Key_Up,Key_Old;
  39   1        if(time_all_1s%10) return;
  40   1        Key_Val = Key_Read();
  41   1        Key_Down = Key_Val & (Key_Old ^ Key_Val);
  42   1        Key_Up = ~Key_Val & (Key_Old ^ Key_Val);
  43   1        Key_Old = Key_Val;
  44   1      }
  45          
  46          /* 数码管处理*/
  47          void Seg_Proc()
  48          {
  49   1        if(time_all_1s%20) return;
  50   1      }
  51          void Led_Proc(){}
  52          void Uart_Proc()
  53          {
  54   1        if(Uart_Rx_Index == 0) return ;
C51 COMPILER V9.59.0.0   MAIN                                                              05/31/2024 15:31:15 PAGE 2   

  55   1        if(Sys_Tick >= 10)
  56   1        {
  57   2          Sys_Tick = Uart_flag = 0;
  58   2          
  59   2          memset(Uart_Buf,0,Uart_Rx_Index);
  60   2          Uart_Rx_Index = 0;
  61   2        }
  62   1      }
  63          void Timer0_Init(void)    //1毫秒@12.000MHz
  64          {
  65   1        AUXR &= 0x7F;     //定时器时钟12T模式
  66   1        TMOD &= 0xF0;     //设置定时器模式
  67   1        TMOD |= 0x05; 
  68   1        TL0 = 0;        //设置定时初始值
  69   1        TH0 = 0;        //设置定时初始值
  70   1        TF0 = 0;        //清除TF0标志
  71   1        TR0 = 1;        //定时器0开始计时
  72   1        EA = 1;
  73   1      }
  74          
  75          void Timer1_Init(void)    //1毫秒@12.000MHz
  76          {
  77   1        AUXR &= 0xBF;     //定时器时钟12T模式
  78   1        TMOD &= 0x0F;     //设置定时器模式
  79   1        TL1 = 0x18;       //设置定时初始值
  80   1        TH1 = 0xFC;       //设置定时初始值
  81   1        TF1 = 0;        //清除TF1标志
  82   1        TR1 = 1;        //定时器1开始计时
  83   1        ET1 = 1;        //使能定时器1中断
  84   1        EA = 1;
  85   1      }
  86          
  87          void Timer1_Isr(void) interrupt 3
  88          {
  89   1        unsigned char i;
  90   1        if(++time_all_1s==1000)
  91   1        {
  92   2          time_all_1s=0;
  93   2          Freq = TH0 << 8 | TL0;
  94   2          TH0 = TL0 = 0;
  95   2        }   
  96   1        if(Uart_flag) Sys_Tick++;
  97   1        Seg_Pos = (++Seg_Pos)%8;
  98   1        Seg_Disp(Seg_Pos,Seg_Buf[Seg_Pos],Seg_Point[Seg_Pos]);
  99   1        for (i = 0 ; i < 8; i++) Led_Disp(i,ucLed[i]);
 100   1      }
 101          void Uart1_Isr(void) interrupt 4
 102          {
 103   1        if(RI)
 104   1        {
 105   2          Uart_flag = 1;
 106   2          Sys_Tick = 0;
 107   2          Uart_Buf[Uart_Rx_Index] =SBUF;
 108   2          Uart_Rx_Index++;
 109   2          RI = 0;
 110   2        }
 111   1        if(Uart_Rx_Index>10) Uart_Rx_Index = 0;
 112   1      }
 113          void Delay750ms(void) //@12.000MHz
 114          {
 115   1        unsigned char data i, j, k;
 116   1      
C51 COMPILER V9.59.0.0   MAIN                                                              05/31/2024 15:31:15 PAGE 3   

 117   1        _nop_();
 118   1        _nop_();
 119   1        i = 35;
 120   1        j = 51;
 121   1        k = 182;
 122   1        do
 123   1        {
 124   2          do
 125   2          {
 126   3            while (--k);
 127   3          } while (--j);
 128   2        } while (--i);
 129   1      }
 130          
 131          void main()
 132          {
 133   1        System_Init();
 134   1        Timer0_Init();
 135   1        Timer1_Init();
 136   1        Set_Rtc(ucRtc);
 137   1        rd_temperature();
 138   1        Delay750ms();
 139   1        while(1)
 140   1        {
 141   2          Data_Proc();
 142   2          Key_Proc();
 143   2          Seg_Proc();
 144   2          Uart_Proc();
 145   2          Led_Proc();
 146   2        }
 147   1      }


MODULE INFORMATION:   STATIC OVERLAYABLE
   CODE SIZE        =    380    ----
   CONSTANT SIZE    =   ----    ----
   XDATA SIZE       =   ----    ----
   PDATA SIZE       =   ----    ----
   DATA SIZE        =     48       1
   IDATA SIZE       =   ----    ----
   BIT SIZE         =      1    ----
END OF MODULE INFORMATION.


C51 COMPILATION COMPLETE.  0 WARNING(S),  0 ERROR(S)
