C51 COMPILER V9.59.0.0   ONEWIRE                                                           05/31/2024 15:31:15 PAGE 1   


C51 COMPILER V9.59.0.0, COMPILATION OF MODULE ONEWIRE
OBJECT MODULE PLACED IN .\Objects\onewire.obj
COMPILER INVOKED BY: D:\Keil_v5\C51\BIN\C51.EXE driver\onewire.c OPTIMIZE(8,SPEED) BROWSE INCDIR(.\driver;.\user) DEBUG 
                    -OBJECTEXTEND PRINT(.\Listings\onewire.lst) TABS(2) OBJECT(.\Objects\onewire.obj)

line level    source

   1          /*  #   å•æ€»çº¿ä»£ç ç‰‡æ®µè¯´æ˜
   2            1.  æœ¬æ–‡ä»¶å¤¹ä¸­æä¾›çš„é©±åŠ¨ä»£ç ä¾›å‚èµ›é€‰æ‰‹å®Œæˆç¨‹åºè®¾è®¡å‚è€ƒã€‚
   3            2.  å‚èµ›é€‰æ‰‹å¯ä»¥è‡ªè¡Œç¼–å†™ç›¸å…³ä»£ç æˆ–ä»¥è¯¥ä»£ç ä¸ºåŸºç¡€ï¼Œæ ¹æ®æ‰€é€‰å•ç‰‡æœºç±»å‹ã€è¿
             -è¡Œé€Ÿåº¦å’Œè¯•é¢˜
   4              ä¸­å¯¹å•ç‰‡æœºæ—¶é’Ÿé¢‘ç‡çš„è¦æ±‚ï¼Œè¿›è¡Œä»£ç è°ƒè¯•å’Œä¿®æ”¹ã€‚
   5          */
   6          #include "onewire.h"
   7          sbit DQ = P1 ^ 4;
   8          //
   9          void Delay_OneWire(unsigned int t)  
  10          {
  11   1        unsigned char i;
  12   1        while(t--){
  13   2          for(i=0;i<12;i++);
  14   2        }
  15   1      }
  16          
  17          //
  18          void Write_DS18B20(unsigned char dat)
  19          {
  20   1        unsigned char i;
  21   1        for(i=0;i<8;i++)
  22   1        {
  23   2          DQ = 0;
  24   2          DQ = dat&0x01;
  25   2          Delay_OneWire(5);
  26   2          DQ = 1;
  27   2          dat >>= 1;
  28   2        }
  29   1        Delay_OneWire(5);
  30   1      }
  31          
  32          //
  33          unsigned char Read_DS18B20(void)
  34          {
  35   1        unsigned char i;
  36   1        unsigned char dat;
  37   1        
  38   1        for(i=0;i<8;i++)
  39   1        {
  40   2          DQ = 0;
  41   2          dat >>= 1;
  42   2          DQ = 1;
  43   2          if(DQ)
  44   2          {
  45   3            dat |= 0x80;
  46   3          }     
  47   2          Delay_OneWire(5);
  48   2        }
  49   1        return dat;
  50   1      }
  51          
  52          //
  53          bit init_ds18b20(void)
C51 COMPILER V9.59.0.0   ONEWIRE                                                           05/31/2024 15:31:15 PAGE 2   

  54          {
  55   1          bit initflag = 0;
  56   1          
  57   1          DQ = 1;
  58   1          Delay_OneWire(12);
  59   1          DQ = 0;
  60   1          Delay_OneWire(80);
  61   1          DQ = 1;
  62   1          Delay_OneWire(10); 
  63   1          initflag = DQ;     
  64   1          Delay_OneWire(5);
  65   1        
  66   1          return initflag;
  67   1      }
  68          
  69          float rd_temperature()
  70          {
  71   1        unsigned char low,high;
  72   1        init_ds18b20();
  73   1        Write_DS18B20(0xcc);
  74   1        Write_DS18B20(0x44);
  75   1        
  76   1        Delay_OneWire(200);
  77   1        
  78   1        init_ds18b20();
  79   1        Write_DS18B20(0xcc);
  80   1        Write_DS18B20(0xbe);
  81   1        low = Read_DS18B20();
  82   1        high = Read_DS18B20();
  83   1        return (float)(high<<8 | low)*0.0625;
  84   1      }


MODULE INFORMATION:   STATIC OVERLAYABLE
   CODE SIZE        =    202    ----
   CONSTANT SIZE    =   ----    ----
   XDATA SIZE       =   ----    ----
   PDATA SIZE       =   ----    ----
   DATA SIZE        =   ----    ----
   IDATA SIZE       =   ----    ----
   BIT SIZE         =   ----       1
END OF MODULE INFORMATION.


C51 COMPILATION COMPLETE.  0 WARNING(S),  0 ERROR(S)
