C51 COMPILER V9.59.0.0   ONEWIRE                                                           02/19/2024 19:53:39 PAGE 1   


C51 COMPILER V9.59.0.0, COMPILATION OF MODULE ONEWIRE
OBJECT MODULE PLACED IN .\Objects\onewire.obj
COMPILER INVOKED BY: D:\Keil_v5\C51\BIN\C51.EXE ..\Driver\onewire.c OPTIMIZE(8,SPEED) BROWSE INCDIR(..\Driver) DEBUG OBJ
                    -ECTEXTEND PRINT(.\Listings\onewire.lst) TABS(2) OBJECT(.\Objects\onewire.obj)

line level    source

   1          #include "onewire.h"
   2          #include "reg52.h"
   3          
   4          sbit DQ = P1 ^ 4;
   5          
   6          // 单总线内部延时函数
   7          void Delay_OneWire(unsigned int t)
   8          {
   9   1          t *= 12;
  10   1          while (t--)
  11   1              ;
  12   1      }
  13          
  14          // 单总线写操作
  15          void Write_DS18B20(unsigned char dat)
  16          {
  17   1          unsigned char i;
  18   1          for (i = 0; i < 8; i++)
  19   1          {
  20   2              DQ = 0;
  21   2              DQ = dat & 0x01;
  22   2              Delay_OneWire(5);
  23   2              DQ = 1;
  24   2              dat >>= 1; // 一个一个写入
  25   2          }
  26   1          Delay_OneWire(5);
  27   1      }
  28          
  29          // 单总线读操作
  30          unsigned char Read_DS18B20(void)
  31          {
  32   1          unsigned char i;
  33   1          unsigned char dat;
  34   1      
  35   1          for (i = 0; i < 8; i++)
  36   1          {
  37   2              DQ = 0;
  38   2              dat >>= 1;
  39   2              DQ = 1;
  40   2              if (DQ)
  41   2              {
  42   3                  dat |= 0x80; // 一个一个读取
  43   3              }
  44   2              Delay_OneWire(5);
  45   2          }
  46   1          return dat;
  47   1      }
  48          
  49          // DS18B20初始化
  50          bit init_ds18b20(void)
  51          {
  52   1          bit initflag = 0;
  53   1      
  54   1          DQ = 1;
C51 COMPILER V9.59.0.0   ONEWIRE                                                           02/19/2024 19:53:39 PAGE 2   

  55   1          Delay_OneWire(12);
  56   1          DQ = 0;
  57   1          Delay_OneWire(80);
  58   1          DQ = 1;
  59   1          Delay_OneWire(10);
  60   1          initflag = DQ;
  61   1          Delay_OneWire(5);
  62   1      
  63   1          return initflag;
  64   1      }
  65          float rd_temperature()
  66          {
  67   1          unsigned char low, high;
  68   1          init_ds18b20();        // 初始化
  69   1          Write_DS18B20(0xcc);   // 跳过ROM
  70   1          Write_DS18B20(0x44);   // 进行温度转换
  71   1          init_ds18b20();        // 初始化
  72   1          Write_DS18B20(0xcc);   // 跳过ROM
  73   1          Write_DS18B20(0xbe);   // 读取温度
  74   1          low = Read_DS18B20();  // 低位
  75   1          high = Read_DS18B20(); // 高位
  76   1          return ((high << 8) | low) / 16.0;
  77   1      }


MODULE INFORMATION:   STATIC OVERLAYABLE
   CODE SIZE        =    187    ----
   CONSTANT SIZE    =   ----    ----
   XDATA SIZE       =   ----    ----
   PDATA SIZE       =   ----    ----
   DATA SIZE        =   ----    ----
   IDATA SIZE       =   ----    ----
   BIT SIZE         =   ----       1
END OF MODULE INFORMATION.


C51 COMPILATION COMPLETE.  0 WARNING(S),  0 ERROR(S)
