C51 COMPILER V9.59.0.0   UART                                                              01/26/2024 22:24:55 PAGE 1   


C51 COMPILER V9.59.0.0, COMPILATION OF MODULE UART
OBJECT MODULE PLACED IN .\Objects\Uart.obj
COMPILER INVOKED BY: D:\Keil_v5\C51\BIN\C51.EXE ..\Driver\Uart.c OPTIMIZE(8,SPEED) BROWSE INCDIR(..\Driver) DEBUG OBJECT
                    -EXTEND PRINT(.\Listings\Uart.lst) TABS(2) OBJECT(.\Objects\Uart.obj)

line level    source

   1          #include <Uart.h>
   2          
   3          /* 串口初始化函数 */
   4          void UartInit(void)   //9600bps@12.000MHz
   5          {
   6   1        SCON = 0x50;    //8位数据,可变波特率
   7   1        AUXR |= 0x01;   //串口1选择定时器2为波特率发生器
   8   1        AUXR |= 0x04;   //定时器时钟1T模式
   9   1        T2L = 0xC7;   //设置定时初始值
  10   1        T2H = 0xFE;   //设置定时初始值
  11   1        AUXR |= 0x10;   //定时器2开始计时
  12   1        ES = 1;
  13   1        EA = 1;
  14   1      }
  15          
  16          
  17          
  18          
  19          extern char putchar(char ch)
  20          {
  21   1        SBUF = ch;
  22   1        while(TI == 0);
  23   1        TI = 0;
  24   1        return(ch);
  25   1      }


MODULE INFORMATION:   STATIC OVERLAYABLE
   CODE SIZE        =     31    ----
   CONSTANT SIZE    =   ----    ----
   XDATA SIZE       =   ----    ----
   PDATA SIZE       =   ----    ----
   DATA SIZE        =   ----    ----
   IDATA SIZE       =   ----    ----
   BIT SIZE         =   ----    ----
END OF MODULE INFORMATION.


C51 COMPILATION COMPLETE.  0 WARNING(S),  0 ERROR(S)
