C51 COMPILER V9.59.0.0   KEY                                                               02/16/2024 23:02:23 PAGE 1   


C51 COMPILER V9.59.0.0, COMPILATION OF MODULE KEY
OBJECT MODULE PLACED IN .\Objects\Key.obj
COMPILER INVOKED BY: D:\Keil_v5\C51\BIN\C51.EXE ..\Driver\Key.c OPTIMIZE(8,SPEED) BROWSE INCDIR(..\Driver) DEBUG OBJECTE
                    -XTEND PRINT(.\Listings\Key.lst) TABS(2) OBJECT(.\Objects\Key.obj)

line level    source

   1          #include <Key.h>
   2          
   3          unsigned char Key_Read()
   4          {
   5   1          unsigned char temp = 0;
   6   1          // 第1列
   7   1          P44 = 0;
   8   1          P42 = 1;
   9   1          P35 = 1;
  10   1          P34 = 1;
  11   1          if (P33 == 0)
  12   1              temp = 4;
  13   1          if (P32 == 0)
  14   1              temp = 5;
  15   1          if (P31 == 0)
  16   1              temp = 6;
  17   1          if (P30 == 0)
  18   1              temp = 7;
  19   1          // 第2列
  20   1          P44 = 1;
  21   1          P42 = 0;
  22   1          P35 = 1;
  23   1          P34 = 1;
  24   1          if (P33 == 0)
  25   1              temp = 8;
  26   1          if (P32 == 0)
  27   1              temp = 9;
  28   1          if (P31 == 0)
  29   1              temp = 10;
  30   1          if (P30 == 0)
  31   1              temp = 11;
  32   1          if (P33 == 0 && P32 == 0)
  33   1              temp = 89;
  34   1          // 第3列
  35   1          P44 = 1;
  36   1          P42 = 1;
  37   1          P35 = 0;
  38   1          P34 = 1;
  39   1          if (P33 == 0)
  40   1              temp = 12;
  41   1          if (P32 == 0)
  42   1              temp = 13;
  43   1          if (P31 == 0)
  44   1              temp = 14;
  45   1          if (P30 == 0)
  46   1              temp = 15;
  47   1          // 第4列
  48   1          P44 = 1;
  49   1          P42 = 1;
  50   1          P35 = 1;
  51   1          P34 = 0;
  52   1          if (P33 == 0)
  53   1              temp = 16;
  54   1          if (P32 == 0)
C51 COMPILER V9.59.0.0   KEY                                                               02/16/2024 23:02:23 PAGE 2   

  55   1              temp = 17;
  56   1          if (P31 == 0)
  57   1              temp = 18;
  58   1          if (P30 == 0)
  59   1              temp = 19;
  60   1          return temp;
  61   1      }


MODULE INFORMATION:   STATIC OVERLAYABLE
   CODE SIZE        =    123    ----
   CONSTANT SIZE    =   ----    ----
   XDATA SIZE       =   ----    ----
   PDATA SIZE       =   ----    ----
   DATA SIZE        =   ----    ----
   IDATA SIZE       =   ----    ----
   BIT SIZE         =   ----    ----
END OF MODULE INFORMATION.


C51 COMPILATION COMPLETE.  0 WARNING(S),  0 ERROR(S)
