C51 COMPILER V9.59.0.0   KEY                                                               05/16/2024 09:11:53 PAGE 1   


C51 COMPILER V9.59.0.0, COMPILATION OF MODULE KEY
OBJECT MODULE PLACED IN .\Objects\Key.obj
COMPILER INVOKED BY: D:\Keil_v5\C51\BIN\C51.EXE ..\Driver\Key.c OPTIMIZE(8,SPEED) BROWSE INCDIR(..\Driver) DEBUG OBJECTE
                    -XTEND PRINT(.\Listings\Key.lst) TABS(2) OBJECT(.\Objects\Key.obj)

line level    source

   1          #include "Key.h"
   2          unsigned char Key_Read() {
   3   1        unsigned char temp = 0;
   4   1        ET0 = 0;
   5   1        P44 = 0;
   6   1        P42 = 1;
   7   1        P35 = 1;
   8   1        P34 = 1;
   9   1        if (P33 == 0) temp = 4;
  10   1        if (P32 == 0) temp = 5;
  11   1        if (P31 == 0) temp = 6;
  12   1        if (P30 == 0) temp = 7;
  13   1        P44 = 1;
  14   1        P42 = 0;
  15   1        P35 = 1;
  16   1        P34 = 1;
  17   1        if (P33 == 0) temp = 8;
  18   1        if (P32 == 0) temp = 9;
  19   1        if (P31 == 0) temp = 10;
  20   1        if (P30 == 0) temp = 11;
  21   1        P44 = 1;
  22   1        P42 = 1;
  23   1        P35 = 0;
  24   1        P34 = 1;
  25   1        if (P33 == 0) temp = 12;
  26   1        if (P32 == 0) temp = 13;
  27   1        if (P31 == 0) temp = 14;
  28   1        if (P30 == 0) temp = 15;
  29   1        P44 = 1;
  30   1        P42 = 1;
  31   1        P35 = 1;
  32   1        P34 = 0;
  33   1        if (P33 == 0) temp = 16;
  34   1        if (P32 == 0) temp = 17;
  35   1        if (P31 == 0) temp = 18;
  36   1        if (P30 == 0) temp = 19;
  37   1        ET0 = 1;
  38   1        P3 = 0xff;
  39   1        return temp;
  40   1      }


MODULE INFORMATION:   STATIC OVERLAYABLE
   CODE SIZE        =    122    ----
   CONSTANT SIZE    =   ----    ----
   XDATA SIZE       =   ----    ----
   PDATA SIZE       =   ----    ----
   DATA SIZE        =   ----    ----
   IDATA SIZE       =   ----    ----
   BIT SIZE         =   ----    ----
END OF MODULE INFORMATION.


C51 COMPILATION COMPLETE.  0 WARNING(S),  0 ERROR(S)
