C51 COMPILER V9.59.0.0   UART                                                              05/16/2024 09:11:54 PAGE 1   


C51 COMPILER V9.59.0.0, COMPILATION OF MODULE UART
OBJECT MODULE PLACED IN .\Objects\Uart.obj
COMPILER INVOKED BY: D:\Keil_v5\C51\BIN\C51.EXE ..\Driver\Uart.c OPTIMIZE(8,SPEED) BROWSE INCDIR(..\Driver) DEBUG OBJECT
                    -EXTEND PRINT(.\Listings\Uart.lst) TABS(2) OBJECT(.\Objects\Uart.obj)

line level    source

   1          #include "Uart.h"
   2          void Uart1_Init(void)  // 4800bps@12.000MHz
   3          {
   4   1        SCON = 0x50;   // 8位数据,可变波特率
   5   1        AUXR &= 0xBF;  // 定时器时钟12T模式
   6   1        AUXR &= 0xFE;  // 串口1选择定时器1为波特率发生器
   7   1        TMOD &= 0x0F;  // 设置定时器模式
   8   1        TL1 = 0xCC;    // 设置定时初始值
   9   1        TH1 = 0xFF;    // 设置定时初始值
  10   1        ET1 = 0;       // 禁止定时器中断
  11   1        TR1 = 1;       // 定时器1开始计时
  12   1        ES = 1;        // 使能串口1中断
  13   1        EA = 1;
  14   1      }
  15          
  16          extern char putchar(char ch) {
  17   1        SBUF = ch;        // 将ch写入SBUF，发出数据
  18   1        while (TI == 0);  // 等待发送完成
  19   1        TI = 0;           // 清除发送完成标志
  20   1        return ch;
  21   1      }


MODULE INFORMATION:   STATIC OVERLAYABLE
   CODE SIZE        =     35    ----
   CONSTANT SIZE    =   ----    ----
   XDATA SIZE       =   ----    ----
   PDATA SIZE       =   ----    ----
   DATA SIZE        =   ----    ----
   IDATA SIZE       =   ----    ----
   BIT SIZE         =   ----    ----
END OF MODULE INFORMATION.


C51 COMPILATION COMPLETE.  0 WARNING(S),  0 ERROR(S)
