C51 COMPILER V9.59.0.0   IIC                                                               04/29/2024 18:40:05 PAGE 1   


C51 COMPILER V9.59.0.0, COMPILATION OF MODULE IIC
OBJECT MODULE PLACED IN .\Objects\iic.obj
COMPILER INVOKED BY: D:\Keil_v5\C51\BIN\C51.EXE driver\iic.c OPTIMIZE(8,SPEED) BROWSE INCDIR(.\driver;.\user) DEBUG OBJE
                    -CTEXTEND PRINT(.\Listings\iic.lst) TABS(2) OBJECT(.\Objects\iic.obj)

line level    source

   1          /*  #   I2Cä»£ç ç‰‡æ®µè¯´æ˜
   2            1.  æœ¬æ–‡ä»¶å¤¹ä¸­æä¾›çš„é©±åŠ¨ä»£ç ä¾›å‚èµ›é€‰æ‰‹å®Œæˆç¨‹åºè®¾è®¡å‚è€ƒã€‚
   3            2.  å‚èµ›é€‰æ‰‹å¯ä»¥è‡ªè¡Œç¼–å†™ç›¸å…³ä»£ç æˆ–ä»¥è¯¥ä»£ç ä¸ºåŸºç¡€ï¼Œæ ¹æ®æ‰€é€‰å•ç‰‡æœºç±»å‹ã€è¿
             -è¡Œé€Ÿåº¦å’Œè¯•é¢˜
   4              ä¸­å¯¹å•ç‰‡æœºæ—¶é’Ÿé¢‘ç‡çš„è¦æ±‚ï¼Œè¿›è¡Œä»£ç è°ƒè¯•å’Œä¿®æ”¹ã€‚
   5          */
   6          #include "iic.h"
   7          #include "intrins.h"
   8          #define DELAY_TIME  10
   9          sbit sda = P2^1;
  10          sbit scl = P2^0;
  11          //
  12          static void I2C_Delay(unsigned char n)
  13          {
  14   1          do
  15   1          {
  16   2              _nop_();_nop_();_nop_();_nop_();_nop_();
  17   2              _nop_();_nop_();_nop_();_nop_();_nop_();
  18   2              _nop_();_nop_();_nop_();_nop_();_nop_();    
  19   2          }
  20   1          while(n--);       
  21   1      }
  22          
  23          //
  24          void I2CStart(void)
  25          {
  26   1          sda = 1;
  27   1          scl = 1;
  28   1        I2C_Delay(DELAY_TIME);
  29   1          sda = 0;
  30   1        I2C_Delay(DELAY_TIME);
  31   1          scl = 0;    
  32   1      }
  33          
  34          //
  35          void I2CStop(void)
  36          {
  37   1          sda = 0;
  38   1          scl = 1;
  39   1        I2C_Delay(DELAY_TIME);
  40   1          sda = 1;
  41   1        I2C_Delay(DELAY_TIME);
  42   1      }
  43          
  44          //
  45          void I2CSendByte(unsigned char byt)
  46          {
  47   1          unsigned char i;
  48   1        
  49   1          for(i=0; i<8; i++){
  50   2              scl = 0;
  51   2          I2C_Delay(DELAY_TIME);
  52   2              if(byt & 0x80){
  53   3                  sda = 1;
C51 COMPILER V9.59.0.0   IIC                                                               04/29/2024 18:40:05 PAGE 2   

  54   3              }
  55   2              else{
  56   3                  sda = 0;
  57   3              }
  58   2          I2C_Delay(DELAY_TIME);
  59   2              scl = 1;
  60   2              byt <<= 1;
  61   2          I2C_Delay(DELAY_TIME);
  62   2          }
  63   1        
  64   1          scl = 0;  
  65   1      }
  66          
  67          //
  68          unsigned char I2CWaitAck(void)
  69          {
  70   1        unsigned char ackbit;
  71   1        
  72   1          scl = 1;
  73   1        I2C_Delay(DELAY_TIME);
  74   1          ackbit = sda; 
  75   1          scl = 0;
  76   1        I2C_Delay(DELAY_TIME);
  77   1        
  78   1        return ackbit;
  79   1      }
  80          
  81          void Da_Write(unsigned char dat)
  82          {
  83   1        I2CStart();
  84   1        I2CSendByte(0x90);
  85   1        I2CWaitAck();
  86   1        I2CSendByte(0x41);
  87   1        I2CWaitAck();
  88   1        I2CSendByte(dat);
  89   1        I2CWaitAck();
  90   1        I2CStop();
  91   1      }


MODULE INFORMATION:   STATIC OVERLAYABLE
   CODE SIZE        =    153    ----
   CONSTANT SIZE    =   ----    ----
   XDATA SIZE       =   ----    ----
   PDATA SIZE       =   ----    ----
   DATA SIZE        =   ----    ----
   IDATA SIZE       =   ----    ----
   BIT SIZE         =   ----    ----
END OF MODULE INFORMATION.


C51 COMPILATION COMPLETE.  0 WARNING(S),  0 ERROR(S)
