C51 COMPILER V9.59.0.0   KEY                                                               04/29/2024 18:40:04 PAGE 1   


C51 COMPILER V9.59.0.0, COMPILATION OF MODULE KEY
OBJECT MODULE PLACED IN .\Objects\Key.obj
COMPILER INVOKED BY: D:\Keil_v5\C51\BIN\C51.EXE driver\Key.c OPTIMIZE(8,SPEED) BROWSE INCDIR(.\driver;.\user) DEBUG OBJE
                    -CTEXTEND PRINT(.\Listings\Key.lst) TABS(2) OBJECT(.\Objects\Key.obj)

line level    source

   1          #include "Key.h"
   2          
   3          unsigned char Key_Scan()
   4          {
   5   1        unsigned char temp = 0;
   6   1        P44=0;P42=1;P35=1;
   7   1        if(P30==0)temp=7;
   8   1        if(P31==0)temp=6;
   9   1        if(P32==0)temp=5;
  10   1        if(P33==0)temp=4;
  11   1        P44=1;P42=0;P35=1;
  12   1        if(P30==0)temp=11;
  13   1        if(P31==0)temp=10;
  14   1        if(P32==0)temp=9;
  15   1        if(P33==0)temp=8;
  16   1        P44=1;P42=1;P35=0;
  17   1        if(P30==0)temp=15;
  18   1        if(P31==0)temp=14;
  19   1        if(P32==0)temp=13;
  20   1        if(P33==0)temp=12;
  21   1        return temp;
  22   1      }


MODULE INFORMATION:   STATIC OVERLAYABLE
   CODE SIZE        =     81    ----
   CONSTANT SIZE    =   ----    ----
   XDATA SIZE       =   ----    ----
   PDATA SIZE       =   ----    ----
   DATA SIZE        =   ----    ----
   IDATA SIZE       =   ----    ----
   BIT SIZE         =   ----    ----
END OF MODULE INFORMATION.


C51 COMPILATION COMPLETE.  0 WARNING(S),  0 ERROR(S)
