C51 COMPILER V9.59.0.0   KEY                                                               02/03/2024 20:57:34 PAGE 1   


C51 COMPILER V9.59.0.0, COMPILATION OF MODULE KEY
OBJECT MODULE PLACED IN .\Objects\Key.obj
COMPILER INVOKED BY: D:\Keil_v5\C51\BIN\C51.EXE ..\Driver\Key.c OPTIMIZE(8,SPEED) BROWSE INCDIR(..\Driver) DEBUG OBJECTE
                    -XTEND PRINT(.\Listings\Key.lst) TABS(2) OBJECT(.\Objects\Key.obj)

line level    source

   1          #include <Key.h>
   2          
   3          unsigned char Key_Read()
   4          {
   5   1          unsigned char temp = 0;
   6   1          //第1列
   7   1          P44 = 0;
   8   1          P42 = 1;
   9   1          P35 = 1;
  10   1          P34 = 1;
  11   1          if(P33 == 0) temp = 4;
  12   1          if(P32 == 0) temp = 5;
  13   1          if(P31 == 0) temp = 6;
  14   1          if(P30 == 0) temp = 7;
  15   1          //第2列
  16   1          P44 = 1;
  17   1          P42 = 0;
  18   1          P35 = 1;
  19   1          P34 = 1;
  20   1          if(P33 == 0) temp = 8;
  21   1          if(P32 == 0) temp = 9;
  22   1          if(P31 == 0) temp = 10;
  23   1          if(P30 == 0) temp = 11;
  24   1          //第3列
  25   1          P44 = 1;
  26   1          P42 = 1;
  27   1          P35 = 0;
  28   1          P34 = 1;
  29   1          if(P33 == 0) temp = 12;
  30   1          if(P32 == 0) temp = 13;
  31   1          if(P31 == 0) temp = 14;
  32   1          if(P30 == 0) temp = 15;
  33   1          //第4列
  34   1          P44 = 1;
  35   1          P42 = 1;
  36   1          P35 = 1;
  37   1          P34 = 0;
  38   1          if(P33 == 0) temp = 16;
  39   1          if(P32 == 0) temp = 17;
  40   1          if(P31 == 0) temp = 18;
  41   1          if(P30 == 0) temp = 19;
  42   1          return temp;
  43   1      }


MODULE INFORMATION:   STATIC OVERLAYABLE
   CODE SIZE        =    115    ----
   CONSTANT SIZE    =   ----    ----
   XDATA SIZE       =   ----    ----
   PDATA SIZE       =   ----    ----
   DATA SIZE        =   ----    ----
   IDATA SIZE       =   ----    ----
   BIT SIZE         =   ----    ----
END OF MODULE INFORMATION.

C51 COMPILER V9.59.0.0   KEY                                                               02/03/2024 20:57:34 PAGE 2   


C51 COMPILATION COMPLETE.  0 WARNING(S),  0 ERROR(S)
