C51 COMPILER V9.59.0.0   KEY                                                               05/02/2024 16:37:55 PAGE 1   


C51 COMPILER V9.59.0.0, COMPILATION OF MODULE KEY
OBJECT MODULE PLACED IN .\Objects\Key.obj
COMPILER INVOKED BY: D:\Keil_v5\C51\BIN\C51.EXE ..\Driver\Key.c OPTIMIZE(8,SPEED) BROWSE INCDIR(..\Driver) DEBUG OBJECTE
                    -XTEND PRINT(.\Listings\Key.lst) TABS(2) OBJECT(.\Objects\Key.obj)

line level    source

   1          #include "Key.h"
   2          unsigned char Key_Read()
   3          {
   4   1          unsigned char temp = 0;
   5   1          P44 = 0;
   6   1          P42 = 1;
   7   1          P35 = 1;
   8   1          P34 = 1;
   9   1          if (P33 == 0)
  10   1              temp = 4;
  11   1          if (P32 == 0)
  12   1              temp = 5;
  13   1          if (P31 == 0)
  14   1              temp = 6;
  15   1          if (P30 == 0)
  16   1              temp = 7;
  17   1          P44 = 1;
  18   1          P42 = 0;
  19   1          P35 = 1;
  20   1          P34 = 1;
  21   1          if (P33 == 0)
  22   1              temp = 8;
  23   1          if (P32 == 0)
  24   1              temp = 9;
  25   1          if (P31 == 0)
  26   1              temp = 10;
  27   1          if (P30 == 0)
  28   1              temp = 11;
  29   1          if (P33 == 0 && P32 == 0)
  30   1              temp = 89;
  31   1          P44 = 1;
  32   1          P42 = 1;
  33   1          P35 = 0;
  34   1          P34 = 1;
  35   1          if (P33 == 0)
  36   1              temp = 12;
  37   1          if (P32 == 0)
  38   1              temp = 13;
  39   1          if (P31 == 0)
  40   1              temp = 14;
  41   1          if (P30 == 0)
  42   1              temp = 15;
  43   1          P44 = 1;
  44   1          P42 = 1;
  45   1          P35 = 1;
  46   1          P34 = 0;
  47   1          if (P33 == 0)
  48   1              temp = 16;
  49   1          if (P32 == 0)
  50   1              temp = 17;
  51   1          if (P31 == 0)
  52   1              temp = 18;
  53   1          if (P30 == 0)
  54   1              temp = 19;
C51 COMPILER V9.59.0.0   KEY                                                               05/02/2024 16:37:55 PAGE 2   

  55   1          return temp;
  56   1      }


MODULE INFORMATION:   STATIC OVERLAYABLE
   CODE SIZE        =    123    ----
   CONSTANT SIZE    =   ----    ----
   XDATA SIZE       =   ----    ----
   PDATA SIZE       =   ----    ----
   DATA SIZE        =   ----    ----
   IDATA SIZE       =   ----    ----
   BIT SIZE         =   ----    ----
END OF MODULE INFORMATION.


C51 COMPILATION COMPLETE.  0 WARNING(S),  0 ERROR(S)
