C51 COMPILER V9.59.0.0   SEG                                                               05/19/2024 20:54:51 PAGE 1   


C51 COMPILER V9.59.0.0, COMPILATION OF MODULE SEG
OBJECT MODULE PLACED IN .\Objects\Seg.obj
COMPILER INVOKED BY: D:\Keil_v5\C51\BIN\C51.EXE ..\Driver\Seg.c OPTIMIZE(8,SPEED) BROWSE INCDIR(..\Driver) DEBUG OBJECTE
                    -XTEND PRINT(.\Listings\Seg.lst) TABS(2) OBJECT(.\Objects\Seg.obj)

line level    source

   1          #include "Seg.h"
   2          // 段选 0 1 2 3 4 5 6 7 8 9 灭 A
   3          code unsigned char seg_dula[] = {0xc0, 0xf9, 0xa4, 0xb0, 0x99, 0x92,
   4                                           0x82, 0xf8, 0x80, 0x90, 0xff, 0x88};
   5          void Seg_Disp(unsigned char wela, unsigned char dula, unsigned char point) {
   6   1        // 手动消抖
   7   1        P0 = 0xff;
   8   1        P2 = P2 & 0x1f | 0xe0;
   9   1      
  10   1        // 选择显示位数
  11   1        P0 = 0x01 << wela;
  12   1        P2 = P2 & 0x1f | 0xc0;
  13   1        P2 &= 0x1f;
  14   1      
  15   1        // 选择显示的数据
  16   1        P0 = seg_dula[dula];
  17   1        if (point) P0 &= 0x7f;
  18   1        P2 = P2 & 0x1f | 0xe0;
  19   1        P2 &= 0x1f;
  20   1      }


MODULE INFORMATION:   STATIC OVERLAYABLE
   CODE SIZE        =     60    ----
   CONSTANT SIZE    =     12    ----
   XDATA SIZE       =   ----    ----
   PDATA SIZE       =   ----    ----
   DATA SIZE        =   ----    ----
   IDATA SIZE       =   ----    ----
   BIT SIZE         =   ----    ----
END OF MODULE INFORMATION.


C51 COMPILATION COMPLETE.  0 WARNING(S),  0 ERROR(S)
