C51 COMPILER V9.59.0.0   ULTRASONIC                                                        05/19/2024 20:54:52 PAGE 1   


C51 COMPILER V9.59.0.0, COMPILATION OF MODULE ULTRASONIC
OBJECT MODULE PLACED IN .\Objects\Ultrasonic.obj
COMPILER INVOKED BY: D:\Keil_v5\C51\BIN\C51.EXE ..\Driver\Ultrasonic.c OPTIMIZE(8,SPEED) BROWSE INCDIR(..\Driver) DEBUG 
                    -OBJECTEXTEND PRINT(.\Listings\Ultrasonic.lst) TABS(2) OBJECT(.\Objects\Ultrasonic.obj)

line level    source

   1          #include "Ultrasonic.h"
   2          
   3          #include "intrins.h"
   4          
   5          sbit Tx = P1 ^ 0;
   6          sbit Rx = P1 ^ 1;
   7          void Delay12us(void)  //@12.000MHz
   8          {
   9   1        unsigned char data i;
  10   1      
  11   1        _nop_();
  12   1        _nop_();
  13   1        i = 33;  // 38
  14   1        while (--i);
  15   1      }
  16          
  17          void Ut_Wave_Init() {
  18   1        unsigned char i;
  19   1        // 发送8个40kHz的方波
  20   1        // f=40kHz->T=1/f=0.000025s=25us
  21   1        // 12.5us 1 12.5us 0
  22   1        for (i = 0; i < 8; i++) {
  23   2          Tx = 1;
  24   2          Delay12us();
  25   2          Tx = 0;
  26   2          Delay12us();
  27   2        }
  28   1      }
  29          
  30          unsigned char Ut_Wave_Data() {
  31   1        unsigned int time;
  32   1        CH = CL = 0;  // 清空PCA寄存器计数值
  33   1        CCON = 0;     // 初始化PCA控制寄存器/PCA定时器停止/清除CF/
  34   1      
  35   1        EA = 0;            // 关闭总中断
  36   1        Ut_Wave_Init();    // 发送超声波驱动信号
  37   1        EA = 1;            // 开启总中断
  38   1        CR = 1;            // PCA开始计数
  39   1        while (Rx && !CF)  // TF1
  40   1          ;                // 等待接收
  41   1        CR = 0;            // PCA停止计数
  42   1        if (CF == 0) {
  43   2          time = CH << 8 | CL;  // 单位为毫秒
  44   2          // L=V*T/2
  45   2          return (time * 0.017);  // 返回的单位是cm
  46   2        } else {
  47   2          CF = 0;
  48   2          return 0;
  49   2        }
  50   1      }


MODULE INFORMATION:   STATIC OVERLAYABLE
   CODE SIZE        =     93    ----
C51 COMPILER V9.59.0.0   ULTRASONIC                                                        05/19/2024 20:54:52 PAGE 2   

   CONSTANT SIZE    =   ----    ----
   XDATA SIZE       =   ----    ----
   PDATA SIZE       =   ----    ----
   DATA SIZE        =   ----    ----
   IDATA SIZE       =   ----    ----
   BIT SIZE         =   ----    ----
END OF MODULE INFORMATION.


C51 COMPILATION COMPLETE.  0 WARNING(S),  0 ERROR(S)
