C51 COMPILER V9.59.0.0   LED                                                               03/05/2024 08:31:45 PAGE 1   


C51 COMPILER V9.59.0.0, COMPILATION OF MODULE LED
OBJECT MODULE PLACED IN .\Objects\Led.obj
COMPILER INVOKED BY: D:\Keil_v5\C51\BIN\C51.EXE ..\Driver\Led.c OPTIMIZE(8,SPEED) BROWSE INCDIR(..\Driver) DEBUG OBJECTE
                    -XTEND PRINT(.\Listings\Led.lst) TABS(2) OBJECT(.\Objects\Led.obj)

line level    source

   1          #include <Led.h>
   2          //亮码地址0-7，是否使能
   3          void Led_Disp(unsigned char addr,enable)
   4          {
   5   1          //保证这两个变量的值不会因为函数结束而改变
   6   1          static unsigned char temp = 0x00;
   7   1          static unsigned char temp_old = 0xff;
   8   1          //更改当前状态
   9   1          if(enable)
  10   1              temp |= 0x01 << addr;
  11   1          else
  12   1              temp &= ~(0x01 << addr);
  13   1          //当前状态与之前的状态不同则进行操作更新led
  14   1          if(temp != temp_old)
  15   1          {
  16   2              P0 = ~temp;
  17   2              P2 = P2 & 0x1f | 0x80;
  18   2              P2 &= 0x1f;
  19   2              temp_old = temp;
  20   2          }
  21   1      }


MODULE INFORMATION:   STATIC OVERLAYABLE
   CODE SIZE        =     59    ----
   CONSTANT SIZE    =   ----    ----
   XDATA SIZE       =   ----    ----
   PDATA SIZE       =   ----    ----
   DATA SIZE        =      2    ----
   IDATA SIZE       =   ----    ----
   BIT SIZE         =   ----    ----
END OF MODULE INFORMATION.


C51 COMPILATION COMPLETE.  0 WARNING(S),  0 ERROR(S)
