C51 COMPILER V9.59.0.0   ULTRASOUND                                                        02/19/2024 19:53:39 PAGE 1   


C51 COMPILER V9.59.0.0, COMPILATION OF MODULE ULTRASOUND
OBJECT MODULE PLACED IN .\Objects\ultrasound.obj
COMPILER INVOKED BY: D:\Keil_v5\C51\BIN\C51.EXE ..\Driver\ultrasound.c OPTIMIZE(8,SPEED) BROWSE INCDIR(..\Driver) DEBUG 
                    -OBJECTEXTEND PRINT(.\Listings\ultrasound.lst) TABS(2) OBJECT(.\Objects\ultrasound.obj)

line level    source

   1          #include <ultrasound.h>
   2          #include "intrins.h"
   3          
   4          sbit Tx = P1 ^ 0;
   5          sbit Rx = P1 ^ 1;
   6          
   7          void Delay12us() //@12.000MHz
   8          {
   9   1          unsigned char i;
  10   1      
  11   1          _nop_();
  12   1          _nop_();
  13   1          i = 38;
  14   1          while (--i)
  15   1              ;
  16   1      }
  17          
  18          void Ut_Wave_Init() // 生成方波
  19          {
  20   1          unsigned char i;
  21   1          for (i = 0; i < 8; i++)
  22   1          {
  23   2              Tx = 1;
  24   2              Delay12us();
  25   2              Tx = 0;
  26   2              Delay12us();
  27   2          }
  28   1      }
  29          
  30          unsigned char Ut_Wave_Data() // 超声波距离读取函数
  31          {
  32   1          unsigned int time;
  33   1          TMOD &= 0X0F;
  34   1          TH1 = TL1 = 0;
  35   1          Ut_Wave_Init();
  36   1          TR1 = 1;
  37   1          while ((Rx == 1) && (TF1 == 0))
  38   1              ;
  39   1          TR1 = 0;
  40   1          if (TF1 == 0)
  41   1          {
  42   2              time = TH1 << 8 | TL1;
  43   2              return (time * 0.017);
  44   2          }
  45   1          else
  46   1          {
  47   2              TF1 = 0;
  48   2              return 0;
  49   2          }
  50   1      }


MODULE INFORMATION:   STATIC OVERLAYABLE
   CODE SIZE        =     90    ----
C51 COMPILER V9.59.0.0   ULTRASOUND                                                        02/19/2024 19:53:39 PAGE 2   

   CONSTANT SIZE    =   ----    ----
   XDATA SIZE       =   ----    ----
   PDATA SIZE       =   ----    ----
   DATA SIZE        =   ----    ----
   IDATA SIZE       =   ----    ----
   BIT SIZE         =   ----    ----
END OF MODULE INFORMATION.


C51 COMPILATION COMPLETE.  0 WARNING(S),  0 ERROR(S)
