C51 COMPILER V9.59.0.0   KEY                                                               04/09/2024 11:25:30 PAGE 1   


C51 COMPILER V9.59.0.0, COMPILATION OF MODULE KEY
OBJECT MODULE PLACED IN .\Objects\Key.obj
COMPILER INVOKED BY: D:\Keil_v5\C51\BIN\C51.EXE ..\Driver\Key.c OPTIMIZE(8,SPEED) BROWSE INCDIR(..\Driver) DEBUG OBJECTE
                    -XTEND PRINT(.\Listings\Key.lst) TABS(2) OBJECT(.\Objects\Key.obj)

line level    source

   1          #include <Key.h>
   2          
   3          unsigned char Key_Read()
   4          {
   5   1        unsigned char temp = 0;
   6   1        P44 = 0;
   7   1        P42 = 1;
   8   1        P35 = 1;
   9   1        P34 = 1;
  10   1        if (P33 == 0)
  11   1          temp = 4;
  12   1        if (P32 == 0)
  13   1          temp = 5;
  14   1        if (P31 == 0)
  15   1          temp = 6;
  16   1        if (P30 == 0)
  17   1          temp = 7;
  18   1        P44 = 1;
  19   1        P42 = 0;
  20   1        P35 = 1;
  21   1        P34 = 1;
  22   1        if (P33 == 0)
  23   1          temp = 8;
  24   1        if (P32 == 0)
  25   1          temp = 9;
  26   1        if (P31 == 0)
  27   1          temp = 10;
  28   1        if (P30 == 0)
  29   1          temp = 11;
  30   1        P44 = 1;
  31   1        P42 = 1;
  32   1        P35 = 0;
  33   1        P34 = 1;
  34   1        if (P33 == 0)
  35   1          temp = 12;
  36   1        if (P32 == 0)
  37   1          temp = 13;
  38   1        if (P31 == 0)
  39   1          temp = 14;
  40   1        if (P30 == 0)
  41   1          temp = 15;
  42   1        P44 = 1;
  43   1        P42 = 1;
  44   1        P35 = 1;
  45   1        P34 = 0;
  46   1        if (P33 == 0)
  47   1          temp = 16;
  48   1        if (P32 == 0)
  49   1          temp = 17;
  50   1        if (P31 == 0)
  51   1          temp = 18;
  52   1        if (P30 == 0)
  53   1          temp = 19;
  54   1        return temp;
C51 COMPILER V9.59.0.0   KEY                                                               04/09/2024 11:25:30 PAGE 2   

  55   1      }
  56          /*
  57          
  58            进阶版矩阵键盘底层v2.0
  59          
  60            更新内容：
  61              1.修复行列相反的bug
  62              2.将检测的宏定义写入key.h
  63          
  64            注意：
  65              ！使用时一定也要将key.h替换！
  66          
  67            调用举例：
  68              void Key_Proc()
  69              {
  70                if(Key_Slow_Down) return;
  71                Key_Slow_Down = 1;
  72          
  73                Key_Val = Key_Read();
  74                Key_Down = Key_Val & (Key_Old ^ Key_Val);
  75                Key_Up = ~Key_Val & (Key_Old ^ Key_Val);
  76                Key_Old = Key_Val;
  77          
  78                if(KeyDown_Num(4))
  79                {
  80                  if(!KeyDown_Num(9)) //排除组合按键
  81                  {
  82                    //S4单按键功能区
  83                  }
  84                }
  85          
  86                if(KeyDown_Num(9)) //按键S9产生下降沿
  87                {
  88                  if(!KeyDown_Num(4)) //排除组合按键
  89                  {
  90                    //S9单按键功能区
  91                  }
  92                }
  93          
  94                if((KeyDown_Num(4)) && (KeyDown_Num(9)))
  95                {
  96                  //S4+S9组合按键功能区
  97                }
  98              }
  99          
 100          */
 101          /*
 102          #include <Key.h>
 103          
 104          unsigned int Key_Read()
 105          {
 106            unsigned int temp = 0; // 16bit对应16个按键
 107            int row, col;
 108          
 109            for (col = 0; col < 4; col++)
 110            {
 111              P44 = (col != 0);
 112              P42 = (col != 1);
 113              P35 = (col != 2);
 114              P34 = (col != 3);
 115          
 116              for (row = 0; row < 4; row++)
C51 COMPILER V9.59.0.0   KEY                                                               04/09/2024 11:25:30 PAGE 3   

 117              {
 118                if (!(P3 & (0x08 >> row))) // 第0行-P33 第1行-P32 第2行-P31 第3行-P30 顺序相反
 119                  temp |= (1 << (col * 4 + row));
 120              }
 121            }
 122            return temp;
 123          }*/


MODULE INFORMATION:   STATIC OVERLAYABLE
   CODE SIZE        =    115    ----
   CONSTANT SIZE    =   ----    ----
   XDATA SIZE       =   ----    ----
   PDATA SIZE       =   ----    ----
   DATA SIZE        =   ----    ----
   IDATA SIZE       =   ----    ----
   BIT SIZE         =   ----    ----
END OF MODULE INFORMATION.


C51 COMPILATION COMPLETE.  0 WARNING(S),  0 ERROR(S)
